Using pre-set license
Built from '2022.3/staging' branch; Version is '2022.3.24f1 (334eb2a0b267) revision 3362482'; Using compiler version '192829333'; Build Type 'Release'
OS: 'Windows 10  (10.0.19045) 64bit Core' Language: 'en' Physical Memory: 32628 MB
BatchMode: 1, IsHumanControllingUs: 0, StartBugReporterOnCrash: 0, Is64bit: 1, IsPro: 1

COMMAND LINE ARGUMENTS:
C:\Program Files\Unity\Hub\Editor\2022.3.24f1\Editor\Unity.exe
-adb2
-batchMode
-noUpm
-name
AssetImportWorker0
-projectPath
C:/Users/derpy/GitHub/VoxelGameDemo/Shameless Minecraft Clone
-logFile
Logs/AssetImportWorker0.log
-srvPort
52220
Successfully changed project path to: C:/Users/derpy/GitHub/VoxelGameDemo/Shameless Minecraft Clone
C:/Users/derpy/GitHub/VoxelGameDemo/Shameless Minecraft Clone
[UnityMemory] Configuration Parameters - Can be set up in boot.config
    "memorysetup-bucket-allocator-granularity=16"
    "memorysetup-bucket-allocator-bucket-count=8"
    "memorysetup-bucket-allocator-block-size=33554432"
    "memorysetup-bucket-allocator-block-count=8"
    "memorysetup-main-allocator-block-size=16777216"
    "memorysetup-thread-allocator-block-size=16777216"
    "memorysetup-gfx-main-allocator-block-size=16777216"
    "memorysetup-gfx-thread-allocator-block-size=16777216"
    "memorysetup-cache-allocator-block-size=4194304"
    "memorysetup-typetree-allocator-block-size=2097152"
    "memorysetup-profiler-bucket-allocator-granularity=16"
    "memorysetup-profiler-bucket-allocator-bucket-count=8"
    "memorysetup-profiler-bucket-allocator-block-size=33554432"
    "memorysetup-profiler-bucket-allocator-block-count=8"
    "memorysetup-profiler-allocator-block-size=16777216"
    "memorysetup-profiler-editor-allocator-block-size=1048576"
    "memorysetup-temp-allocator-size-main=16777216"
    "memorysetup-job-temp-allocator-block-size=2097152"
    "memorysetup-job-temp-allocator-block-size-background=1048576"
    "memorysetup-job-temp-allocator-reduction-small-platforms=262144"
    "memorysetup-allocator-temp-initial-block-size-main=262144"
    "memorysetup-allocator-temp-initial-block-size-worker=262144"
    "memorysetup-temp-allocator-size-background-worker=32768"
    "memorysetup-temp-allocator-size-job-worker=262144"
    "memorysetup-temp-allocator-size-preload-manager=33554432"
    "memorysetup-temp-allocator-size-nav-mesh-worker=65536"
    "memorysetup-temp-allocator-size-audio-worker=65536"
    "memorysetup-temp-allocator-size-cloud-worker=32768"
    "memorysetup-temp-allocator-size-gi-baking-worker=262144"
    "memorysetup-temp-allocator-size-gfx=262144"
Player connection [15656] Host "[IP] 10.0.0.122 [Port] 0 [Flags] 2 [Guid] 4070789391 [EditorId] 4070789391 [Version] 1048832 [Id] WindowsEditor(7,Grimbo-Matrix) [Debug] 1 [PackageName] WindowsEditor [ProjectName] Editor" joined multi-casting on [225.0.0.222:54997]...

Player connection [15656] Host "[IP] 10.0.0.122 [Port] 0 [Flags] 2 [Guid] 4070789391 [EditorId] 4070789391 [Version] 1048832 [Id] WindowsEditor(7,Grimbo-Matrix) [Debug] 1 [PackageName] WindowsEditor [ProjectName] Editor" joined alternative multi-casting on [225.0.0.222:34997]...

[Physics::Module] Initialized MultithreadedJobDispatcher with 11 workers.
Refreshing native plugins compatible for Editor in 17.40 ms, found 3 plugins.
Preloading 0 native plugins for Editor in 0.00 ms.
Initialize engine version: 2022.3.24f1 (334eb2a0b267)
[Subsystems] Discovering subsystems at path C:/Program Files/Unity/Hub/Editor/2022.3.24f1/Editor/Data/Resources/UnitySubsystems
[Subsystems] Discovering subsystems at path C:/Users/derpy/GitHub/VoxelGameDemo/Shameless Minecraft Clone/Assets
GfxDevice: creating device client; threaded=0; jobified=0
Direct3D:
    Version:  Direct3D 11.0 [level 11.1]
    Renderer: NVIDIA GeForce GTX 1660 SUPER (ID=0x21c4)
    Vendor:   NVIDIA
    VRAM:     5992 MB
    Driver:   31.0.15.1702
Initialize mono
Mono path[0] = 'C:/Program Files/Unity/Hub/Editor/2022.3.24f1/Editor/Data/Managed'
Mono path[1] = 'C:/Program Files/Unity/Hub/Editor/2022.3.24f1/Editor/Data/MonoBleedingEdge/lib/mono/unityjit-win32'
Mono config path = 'C:/Program Files/Unity/Hub/Editor/2022.3.24f1/Editor/Data/MonoBleedingEdge/etc'
Using monoOptions --debugger-agent=transport=dt_socket,embedding=1,server=y,suspend=n,address=127.0.0.1:56696
Begin MonoManager ReloadAssembly
Registering precompiled unity dll's ...
Register platform support module: C:/Program Files/Unity/Hub/Editor/2022.3.24f1/Editor/Data/PlaybackEngines/WebGLSupport/UnityEditor.WebGL.Extensions.dll
Register platform support module: C:/Program Files/Unity/Hub/Editor/2022.3.24f1/Editor/Data/PlaybackEngines/WindowsStandaloneSupport/UnityEditor.WindowsStandalone.Extensions.dll
Registered in 0.011157 seconds.
- Loaded All Assemblies, in  0.361 seconds
Native extension for WindowsStandalone target not found
Native extension for WebGL target not found
Mono: successfully reloaded assembly
- Finished resetting the current domain, in  0.278 seconds
Domain Reload Profiling: 637ms
	BeginReloadAssembly (106ms)
		ExecutionOrderSort (0ms)
		DisableScriptedObjects (0ms)
		BackupInstance (0ms)
		ReleaseScriptingObjects (0ms)
		CreateAndSetChildDomain (1ms)
	RebuildCommonClasses (34ms)
	RebuildNativeTypeToScriptingClass (11ms)
	initialDomainReloadingComplete (64ms)
	LoadAllAssembliesAndSetupDomain (143ms)
		LoadAssemblies (103ms)
		RebuildTransferFunctionScriptingTraits (0ms)
		AnalyzeDomain (141ms)
			TypeCache.Refresh (140ms)
				TypeCache.ScanAssembly (127ms)
			ScanForSourceGeneratedMonoScriptInfo (0ms)
			ResolveRequiredComponents (0ms)
	FinalizeReload (278ms)
		ReleaseScriptCaches (0ms)
		RebuildScriptCaches (0ms)
		SetupLoadedEditorAssemblies (223ms)
			LogAssemblyErrors (0ms)
			InitializePlatformSupportModulesInManaged (12ms)
			SetLoadedEditorAssemblies (5ms)
			RefreshPlugins (0ms)
			BeforeProcessingInitializeOnLoad (2ms)
			ProcessInitializeOnLoadAttributes (153ms)
			ProcessInitializeOnLoadMethodAttributes (51ms)
			AfterProcessingInitializeOnLoad (0ms)
			EditorAssembliesLoaded (0ms)
		ExecutionOrderSort2 (0ms)
		AwakeInstancesAfterBackupRestoration (0ms)
========================================================================
Worker process is ready to serve import requests
Begin MonoManager ReloadAssembly
- Loaded All Assemblies, in  0.799 seconds
Refreshing native plugins compatible for Editor in 5.08 ms, found 3 plugins.
Native extension for WindowsStandalone target not found
Native extension for WebGL target not found
Package Manager log level set to [2]
[Package Manager] Server::EnsureServerProcessIsRunning -- launch failed, reason: Unity was launched with the -noUpm command-line argument
[Package Manager] UpmClient::Send -- Unable to send message (not connected to UPM process).
[Package Manager] Cannot connect to Unity Package Manager local server
Mono: successfully reloaded assembly
- Finished resetting the current domain, in  0.661 seconds
Domain Reload Profiling: 1454ms
	BeginReloadAssembly (154ms)
		ExecutionOrderSort (0ms)
		DisableScriptedObjects (5ms)
		BackupInstance (0ms)
		ReleaseScriptingObjects (0ms)
		CreateAndSetChildDomain (24ms)
	RebuildCommonClasses (41ms)
	RebuildNativeTypeToScriptingClass (16ms)
	initialDomainReloadingComplete (47ms)
	LoadAllAssembliesAndSetupDomain (535ms)
		LoadAssemblies (382ms)
		RebuildTransferFunctionScriptingTraits (0ms)
		AnalyzeDomain (240ms)
			TypeCache.Refresh (207ms)
				TypeCache.ScanAssembly (190ms)
			ScanForSourceGeneratedMonoScriptInfo (22ms)
			ResolveRequiredComponents (10ms)
	FinalizeReload (661ms)
		ReleaseScriptCaches (0ms)
		RebuildScriptCaches (0ms)
		SetupLoadedEditorAssemblies (500ms)
			LogAssemblyErrors (0ms)
			InitializePlatformSupportModulesInManaged (8ms)
			SetLoadedEditorAssemblies (3ms)
			RefreshPlugins (0ms)
			BeforeProcessingInitializeOnLoad (83ms)
			ProcessInitializeOnLoadAttributes (331ms)
			ProcessInitializeOnLoadMethodAttributes (64ms)
			AfterProcessingInitializeOnLoad (10ms)
			EditorAssembliesLoaded (0ms)
		ExecutionOrderSort2 (0ms)
		AwakeInstancesAfterBackupRestoration (11ms)
Launched and connected shader compiler UnityShaderCompiler.exe after 0.04 seconds
Refreshing native plugins compatible for Editor in 7.92 ms, found 3 plugins.
Preloading 0 native plugins for Editor in 0.00 ms.
Unloading 5120 Unused Serialized files (Serialized files now loaded: 0)
Unloading 66 unused Assets / (350.5 KB). Loaded Objects now: 5576.
Memory consumption went from 209.1 MB to 208.7 MB.
Total: 5.307300 ms (FindLiveObjects: 0.779200 ms CreateObjectMapping: 0.248000 ms MarkObjects: 3.951100 ms  DeleteObjects: 0.327300 ms)

AssetImportParameters requested are different than current active one (requested -> active):
  custom:container-demuxer-ogg: 62fdf1f143b41e24485cea50d1cbac27 -> 
  custom:video-codec-MediaFoundation-h265: 746d11721c4dcdbdad8f713fa42b33f4 -> 
  custom:video-decoder-ogg-theora: a1e56fd34408186e4bbccfd4996cb3dc -> 
  custom:framework-win-MediaFoundation: 216162199b28c13a410421893ffa2e32 -> 
  custom:CustomObjectIndexerAttribute: 72b91833f83ae208fae7752999fa3104 -> 
  custom:container-demuxer-webm: 4f35f7cbe854078d1ac9338744f61a02 -> 
  custom:container-muxer-webm: aa71ff27fc2769a1b78a27578f13a17b -> 
  custom:video-decoder-webm-vp8: 9c59270c3fd7afecdb556c50c9e8de78 -> 
  custom:SearchIndexIgnoredProperties: e643bd26f0fe6173181afceb89e7c659 -> 
  custom:AudioImporter_EditorPlatform: d09bf68614088b80899f8185d706f6e7 -> 
  custom:video-encoder-webm-vp8: eb34c28f22e8b96e1ab97ce403110664 -> 
  custom:audio-decoder-ogg-vorbis: bf7c407c2cedff20999df2af8eb42d56 -> 
  custom:audio-encoder-webm-vorbis: bf7c407c2cedff20999df2af8eb42d56 -> 
========================================================================
Received Import Request.
  Time since last request: 12793.351221 seconds.
  path: Assets/Shaders/NormalSwitch.shadersubgraph
  artifactKey: Guid(0264c06030863304488d2064941abe0e) Importer(2089858483,0ecaa5967403d082aa24f35e1b516d23)
Start importing Assets/Shaders/NormalSwitch.shadersubgraph using Guid(0264c06030863304488d2064941abe0e) Importer(2089858483,0ecaa5967403d082aa24f35e1b516d23)  -> (artifact id: '8f244bd4c5956173cc8070ea7a6ea20d') in 0.204268 seconds
Number of updated asset objects reloaded before import = 0
Number of asset objects unloaded after import = 1
========================================================================
Received Import Request.
  Time since last request: 0.000039 seconds.
  path: Assets/Materials/Target.mat
  artifactKey: Guid(09f165165ad895647847f065d7e39f08) Importer(2089858483,0ecaa5967403d082aa24f35e1b516d23)
Start importing Assets/Materials/Target.mat using Guid(09f165165ad895647847f065d7e39f08) Importer(2089858483,0ecaa5967403d082aa24f35e1b516d23)  -> (artifact id: '2811cf92e670b419f720b99466388887') in 0.022104 seconds
Number of updated asset objects reloaded before import = 0
Number of asset objects unloaded after import = 2
========================================================================
Received Import Request.
  Time since last request: 0.000022 seconds.
  path: Assets/Prefabs/AlertBox.prefab
  artifactKey: Guid(eefe9baba0c55874cbda5644b41b9f9c) Importer(2089858483,0ecaa5967403d082aa24f35e1b516d23)
Start importing Assets/Prefabs/AlertBox.prefab using Guid(eefe9baba0c55874cbda5644b41b9f9c) Importer(2089858483,0ecaa5967403d082aa24f35e1b516d23)  -> (artifact id: '6bc2d300329e6332226a7d2af615ff93') in 0.059412 seconds
Number of updated asset objects reloaded before import = 0
Number of asset objects unloaded after import = 43
========================================================================
Received Import Request.
  Time since last request: 0.000022 seconds.
  path: Assets/_Scripts/Gameplay/SettingsManager.cs
  artifactKey: Guid(914a7d7144c2b3644a1a32478b403e5c) Importer(2089858483,0ecaa5967403d082aa24f35e1b516d23)
Start importing Assets/_Scripts/Gameplay/SettingsManager.cs using Guid(914a7d7144c2b3644a1a32478b403e5c) Importer(2089858483,0ecaa5967403d082aa24f35e1b516d23)  -> (artifact id: '44bb3af5713ff9932745872ed4750afc') in 0.015076 seconds
Number of updated asset objects reloaded before import = 0
Number of asset objects unloaded after import = 1
========================================================================
Received Import Request.
  Time since last request: 0.000023 seconds.
  path: Assets/Textures/Icon.png
  artifactKey: Guid(f9f0e016b9214674fa9eb3704b1a282d) Importer(2089858483,0ecaa5967403d082aa24f35e1b516d23)
Start importing Assets/Textures/Icon.png using Guid(f9f0e016b9214674fa9eb3704b1a282d) Importer(2089858483,0ecaa5967403d082aa24f35e1b516d23)  -> (artifact id: '58bcbac9773b3cc2264f56720579b538') in 0.128300 seconds
Number of updated asset objects reloaded before import = 0
Number of asset objects unloaded after import = 1
========================================================================
Received Import Request.
  Time since last request: 0.000027 seconds.
  path: Assets/Resources/Blocks/Dirt.asset
  artifactKey: Guid(9a51ad07e6f5246a38eea3b53780069f) Importer(2089858483,0ecaa5967403d082aa24f35e1b516d23)
Start importing Assets/Resources/Blocks/Dirt.asset using Guid(9a51ad07e6f5246a38eea3b53780069f) Importer(2089858483,0ecaa5967403d082aa24f35e1b516d23)  -> (artifact id: '243341ffb3389074c54d47ffdab8ed8e') in 0.020282 seconds
Number of updated asset objects reloaded before import = 0
Number of asset objects unloaded after import = 1
========================================================================
Received Import Request.
  Time since last request: 0.000032 seconds.
  path: Assets/Textures/UI/Check.png
  artifactKey: Guid(1b114141fec7d714ea40a038c5323371) Importer(2089858483,0ecaa5967403d082aa24f35e1b516d23)
Start importing Assets/Textures/UI/Check.png using Guid(1b114141fec7d714ea40a038c5323371) Importer(2089858483,0ecaa5967403d082aa24f35e1b516d23)  -> (artifact id: '81a31d48c01961d6281a00c1b1f081f1') in 0.022796 seconds
Number of updated asset objects reloaded before import = 0
Number of asset objects unloaded after import = 1
========================================================================
Received Import Request.
  Time since last request: 0.000020 seconds.
  path: Assets/World Generation Data/Biomes/Mountains.asset
  artifactKey: Guid(d4feb645f201342b1914f0b49bf62e1a) Importer(2089858483,0ecaa5967403d082aa24f35e1b516d23)
Start importing Assets/World Generation Data/Biomes/Mountains.asset using Guid(d4feb645f201342b1914f0b49bf62e1a) Importer(2089858483,0ecaa5967403d082aa24f35e1b516d23)  -> (artifact id: '39509ede45fa182d321a72a714609dc4') in 0.012752 seconds
Number of updated asset objects reloaded before import = 0
Number of asset objects unloaded after import = 1
========================================================================
Received Import Request.
  Time since last request: 0.000024 seconds.
  path: Assets/Resources/Blocks/Water.asset
  artifactKey: Guid(e9418790b845ff8408985f908dda9e84) Importer(2089858483,0ecaa5967403d082aa24f35e1b516d23)
Start importing Assets/Resources/Blocks/Water.asset using Guid(e9418790b845ff8408985f908dda9e84) Importer(2089858483,0ecaa5967403d082aa24f35e1b516d23)  -> (artifact id: 'b27eec78e43059bc46b51ade1bd8d5f0') in 0.010126 seconds
Number of updated asset objects reloaded before import = 0
Number of asset objects unloaded after import = 1
========================================================================
Received Import Request.
  Time since last request: 0.000018 seconds.
  path: Assets/Resources/Blocks/Leaves.asset
  artifactKey: Guid(83d79b6ffe124354a9541f4f1c04c0cb) Importer(2089858483,0ecaa5967403d082aa24f35e1b516d23)
Start importing Assets/Resources/Blocks/Leaves.asset using Guid(83d79b6ffe124354a9541f4f1c04c0cb) Importer(2089858483,0ecaa5967403d082aa24f35e1b516d23)  -> (artifact id: '719cfe8edf22b0b56eb6036c15df62f5') in 0.012522 seconds
Number of updated asset objects reloaded before import = 0
Number of asset objects unloaded after import = 1
========================================================================
Received Import Request.
  Time since last request: 0.000019 seconds.
  path: Assets/Resources/Atlas/AtlasTex.png
  artifactKey: Guid(a3d1824582c8449748b55b07ae7b2b87) Importer(2089858483,0ecaa5967403d082aa24f35e1b516d23)
Start importing Assets/Resources/Atlas/AtlasTex.png using Guid(a3d1824582c8449748b55b07ae7b2b87) Importer(2089858483,0ecaa5967403d082aa24f35e1b516d23)  -> (artifact id: '7e531484c94a68611d846588a34dd624') in 0.018170 seconds
Number of updated asset objects reloaded before import = 0
Number of asset objects unloaded after import = 1
========================================================================
Received Import Request.
  Time since last request: 0.000022 seconds.
  path: Assets/_Scripts/Gameplay/UI/UI_RequestAlertBox.cs
  artifactKey: Guid(25a60dfbd38468a4eb5f74f3cbfa2cf8) Importer(2089858483,0ecaa5967403d082aa24f35e1b516d23)
Start importing Assets/_Scripts/Gameplay/UI/UI_RequestAlertBox.cs using Guid(25a60dfbd38468a4eb5f74f3cbfa2cf8) Importer(2089858483,0ecaa5967403d082aa24f35e1b516d23)  -> (artifact id: 'de17cd3c077e8a0e597355d329268ba8') in 0.015846 seconds
Number of updated asset objects reloaded before import = 0
Number of asset objects unloaded after import = 1
========================================================================
Received Import Request.
  Time since last request: 0.000023 seconds.
  path: Assets/TextMesh Pro/Shaders/TMP_Bitmap-Custom-Atlas.shader
  artifactKey: Guid(48bb5f55d8670e349b6e614913f9d910) Importer(2089858483,0ecaa5967403d082aa24f35e1b516d23)
Start importing Assets/TextMesh Pro/Shaders/TMP_Bitmap-Custom-Atlas.shader using Guid(48bb5f55d8670e349b6e614913f9d910) Importer(2089858483,0ecaa5967403d082aa24f35e1b516d23)  -> (artifact id: 'a1f74da8fd1f26f0a114f5df5c1e1300') in 0.016309 seconds
Number of updated asset objects reloaded before import = 0
Number of asset objects unloaded after import = 1
========================================================================
Received Import Request.
  Time since last request: 0.000028 seconds.
  path: Assets/_Scripts/Gameplay/Player/ScreenShotHelper.cs
  artifactKey: Guid(5237be36faa6d4e46a8eb57a95637e5d) Importer(2089858483,0ecaa5967403d082aa24f35e1b516d23)
Start importing Assets/_Scripts/Gameplay/Player/ScreenShotHelper.cs using Guid(5237be36faa6d4e46a8eb57a95637e5d) Importer(2089858483,0ecaa5967403d082aa24f35e1b516d23)  -> (artifact id: '1a3ae08e438163df48b7ec191ee926a7') in 0.014457 seconds
Number of updated asset objects reloaded before import = 0
Number of asset objects unloaded after import = 1
========================================================================
Received Import Request.
  Time since last request: 0.000031 seconds.
  path: Assets/_Scripts/World Generation/Biome System/WorldGenerationSettings.cs
  artifactKey: Guid(83b45b6eae918480b94d71f610ccd01e) Importer(2089858483,0ecaa5967403d082aa24f35e1b516d23)
Start importing Assets/_Scripts/World Generation/Biome System/WorldGenerationSettings.cs using Guid(83b45b6eae918480b94d71f610ccd01e) Importer(2089858483,0ecaa5967403d082aa24f35e1b516d23)  -> (artifact id: '05e383a1d4f8669f92521e207fe11735') in 0.016980 seconds
Number of updated asset objects reloaded before import = 0
Number of asset objects unloaded after import = 1
========================================================================
Received Import Request.
  Time since last request: 0.000033 seconds.
  path: Assets/_Scripts/World Generation/MeshGenerator.cs
  artifactKey: Guid(a88d61c2516864241bec92a81284fe6f) Importer(2089858483,0ecaa5967403d082aa24f35e1b516d23)
Start importing Assets/_Scripts/World Generation/MeshGenerator.cs using Guid(a88d61c2516864241bec92a81284fe6f) Importer(2089858483,0ecaa5967403d082aa24f35e1b516d23)  -> (artifact id: '589a2f57580e06ba8046ed8cca8906d1') in 0.014612 seconds
Number of updated asset objects reloaded before import = 0
Number of asset objects unloaded after import = 1
========================================================================
Received Import Request.
  Time since last request: 0.000034 seconds.
  path: Assets/_Scripts/External/FastNoise.cs
  artifactKey: Guid(e9744559f839b49749a0e43b41aa4164) Importer(2089858483,0ecaa5967403d082aa24f35e1b516d23)
Start importing Assets/_Scripts/External/FastNoise.cs using Guid(e9744559f839b49749a0e43b41aa4164) Importer(2089858483,0ecaa5967403d082aa24f35e1b516d23)  -> (artifact id: '68a80e000e1efd7a7c278ffca4ab7941') in 0.011597 seconds
Number of updated asset objects reloaded before import = 0
Number of asset objects unloaded after import = 1
========================================================================
Received Import Request.
  Time since last request: 0.000022 seconds.
  path: Assets/Shaders/PositionToUV.shadersubgraph
  artifactKey: Guid(3dcc688e5660e404c9c4891415078a9c) Importer(2089858483,0ecaa5967403d082aa24f35e1b516d23)
Start importing Assets/Shaders/PositionToUV.shadersubgraph using Guid(3dcc688e5660e404c9c4891415078a9c) Importer(2089858483,0ecaa5967403d082aa24f35e1b516d23)  -> (artifact id: 'af2838fb38fd5d067268c65d2b734cc1') in 0.010759 seconds
Number of updated asset objects reloaded before import = 0
Number of asset objects unloaded after import = 1
========================================================================
Received Import Request.
  Time since last request: 0.000016 seconds.
  path: Assets/_Scripts/Gameplay/UI/UI_Manager.cs
  artifactKey: Guid(110dd3afc1efbbc4db5b84300f8e451d) Importer(2089858483,0ecaa5967403d082aa24f35e1b516d23)
Start importing Assets/_Scripts/Gameplay/UI/UI_Manager.cs using Guid(110dd3afc1efbbc4db5b84300f8e451d) Importer(2089858483,0ecaa5967403d082aa24f35e1b516d23)  -> (artifact id: '3091db356418776039724cd08e705ba4') in 0.013740 seconds
Number of updated asset objects reloaded before import = 0
Number of asset objects unloaded after import = 1
========================================================================
Received Import Request.
  Time since last request: 0.000021 seconds.
  path: Assets/Settings/BasicRenderer_Renderer.asset
  artifactKey: Guid(756a781fe1ba6224e80c9f1a952508c7) Importer(2089858483,0ecaa5967403d082aa24f35e1b516d23)
Start importing Assets/Settings/BasicRenderer_Renderer.asset using Guid(756a781fe1ba6224e80c9f1a952508c7) Importer(2089858483,0ecaa5967403d082aa24f35e1b516d23)  -> (artifact id: '8ffdc14dc0eb01bb16f5fb8d0f050c91') in 0.019647 seconds
Number of updated asset objects reloaded before import = 0
Number of asset objects unloaded after import = 1
========================================================================
Received Import Request.
  Time since last request: 0.000018 seconds.
  path: Assets/TextMesh Pro/Documentation/TextMesh Pro User Guide 2016.pdf
  artifactKey: Guid(1b8d251f9af63b746bf2f7ffe00ebb9b) Importer(2089858483,0ecaa5967403d082aa24f35e1b516d23)
Start importing Assets/TextMesh Pro/Documentation/TextMesh Pro User Guide 2016.pdf using Guid(1b8d251f9af63b746bf2f7ffe00ebb9b) Importer(2089858483,0ecaa5967403d082aa24f35e1b516d23)  -> (artifact id: 'bf4546e7a49d37ed87f1eafb614d8b37') in 0.011588 seconds
Number of updated asset objects reloaded before import = 0
Number of asset objects unloaded after import = 1
========================================================================
Received Import Request.
  Time since last request: 0.000014 seconds.
  path: Assets/_Scripts/World Generation/Biome System/Trees/VoxelTree.cs
  artifactKey: Guid(f40a64b6796f6434eb52d7bc0b15643b) Importer(2089858483,0ecaa5967403d082aa24f35e1b516d23)
Start importing Assets/_Scripts/World Generation/Biome System/Trees/VoxelTree.cs using Guid(f40a64b6796f6434eb52d7bc0b15643b) Importer(2089858483,0ecaa5967403d082aa24f35e1b516d23)  -> (artifact id: '8fa4b5127dc18eee2010f44c4b3cd899') in 0.010256 seconds
Number of updated asset objects reloaded before import = 0
Number of asset objects unloaded after import = 1
========================================================================
Received Import Request.
  Time since last request: 0.000093 seconds.
  path: Assets/Resources/Textures/Leaves_Block.png
  artifactKey: Guid(5311e2fdc35d8ab4aa031a026d2fbbac) Importer(2089858483,0ecaa5967403d082aa24f35e1b516d23)
Start importing Assets/Resources/Textures/Leaves_Block.png using Guid(5311e2fdc35d8ab4aa031a026d2fbbac) Importer(2089858483,0ecaa5967403d082aa24f35e1b516d23)  -> (artifact id: 'e8e7973bc9c241095f7455d8055f044e') in 0.017456 seconds
Number of updated asset objects reloaded before import = 0
Number of asset objects unloaded after import = 1
========================================================================
Received Import Request.
  Time since last request: 0.000016 seconds.
  path: Assets/TextMesh Pro/Resources/Fonts & Materials/LiberationSans SDF.mat
  artifactKey: Guid(e633b13b891a0d04b8d5bb97fc2433b4) Importer(2089858483,0ecaa5967403d082aa24f35e1b516d23)
Start importing Assets/TextMesh Pro/Resources/Fonts & Materials/LiberationSans SDF.mat using Guid(e633b13b891a0d04b8d5bb97fc2433b4) Importer(2089858483,0ecaa5967403d082aa24f35e1b516d23)  -> (artifact id: '91a13ff91ce8e00dfa7070e94352c731') in 0.024116 seconds
Number of updated asset objects reloaded before import = 0
Number of asset objects unloaded after import = 2
========================================================================
Received Import Request.
  Time since last request: 0.000019 seconds.
  path: Assets/Resources/Textures/Water_Block.png
  artifactKey: Guid(09ddde209f45a5c43bcc9b2101719775) Importer(2089858483,0ecaa5967403d082aa24f35e1b516d23)
Start importing Assets/Resources/Textures/Water_Block.png using Guid(09ddde209f45a5c43bcc9b2101719775) Importer(2089858483,0ecaa5967403d082aa24f35e1b516d23)  -> (artifact id: '28e8fd59ae0bc996f25be471589c226f') in 0.018463 seconds
Number of updated asset objects reloaded before import = 0
Number of asset objects unloaded after import = 1
========================================================================
Received Import Request.
  Time since last request: 0.000018 seconds.
  path: Assets/TextMesh Pro/Resources/Fonts & Materials/LiberationSans SDF - Outline.mat
  artifactKey: Guid(79459efec17a4d00a321bdcc27bbc385) Importer(2089858483,0ecaa5967403d082aa24f35e1b516d23)
Start importing Assets/TextMesh Pro/Resources/Fonts & Materials/LiberationSans SDF - Outline.mat using Guid(79459efec17a4d00a321bdcc27bbc385) Importer(2089858483,0ecaa5967403d082aa24f35e1b516d23)  -> (artifact id: '08edf65da579f86bab52ebe4783ecadb') in 0.025966 seconds
Number of updated asset objects reloaded before import = 0
Number of asset objects unloaded after import = 2
========================================================================
Received Import Request.
  Time since last request: 0.000026 seconds.
  path: Assets/TextMesh Pro/Shaders/TMP_Bitmap.shader
  artifactKey: Guid(128e987d567d4e2c824d754223b3f3b0) Importer(2089858483,0ecaa5967403d082aa24f35e1b516d23)
Start importing Assets/TextMesh Pro/Shaders/TMP_Bitmap.shader using Guid(128e987d567d4e2c824d754223b3f3b0) Importer(2089858483,0ecaa5967403d082aa24f35e1b516d23)  -> (artifact id: '90e81d3eab76918e9a59acc2b9afad95') in 0.011277 seconds
Number of updated asset objects reloaded before import = 0
Number of asset objects unloaded after import = 1
========================================================================
Received Import Request.
  Time since last request: 0.000020 seconds.
  path: Assets/World Generation Data/Trees/Tree.asset
  artifactKey: Guid(1386abfb02be4e6489ea27b24f620e9b) Importer(2089858483,0ecaa5967403d082aa24f35e1b516d23)
Start importing Assets/World Generation Data/Trees/Tree.asset using Guid(1386abfb02be4e6489ea27b24f620e9b) Importer(2089858483,0ecaa5967403d082aa24f35e1b516d23)  -> (artifact id: '7c1c0766eff86d219d86d91b982b6017') in 0.011276 seconds
Number of updated asset objects reloaded before import = 0
Number of asset objects unloaded after import = 1
========================================================================
Received Import Request.
  Time since last request: 0.000018 seconds.
  path: Assets/TextMesh Pro/Shaders/TMP_SDF-Mobile.shader
  artifactKey: Guid(fe393ace9b354375a9cb14cdbbc28be4) Importer(2089858483,0ecaa5967403d082aa24f35e1b516d23)
Start importing Assets/TextMesh Pro/Shaders/TMP_SDF-Mobile.shader using Guid(fe393ace9b354375a9cb14cdbbc28be4) Importer(2089858483,0ecaa5967403d082aa24f35e1b516d23)  -> (artifact id: '237f3ffea52d0ce390847d9e1639503d') in 0.011721 seconds
Number of updated asset objects reloaded before import = 0
Number of asset objects unloaded after import = 1
========================================================================
Received Import Request.
  Time since last request: 0.000023 seconds.
  path: Assets/World Generation Data/Biomes/Plaines.asset
  artifactKey: Guid(6656f4adcd41c476c9cce05a33e84c0f) Importer(2089858483,0ecaa5967403d082aa24f35e1b516d23)
Start importing Assets/World Generation Data/Biomes/Plaines.asset using Guid(6656f4adcd41c476c9cce05a33e84c0f) Importer(2089858483,0ecaa5967403d082aa24f35e1b516d23)  -> (artifact id: '4b33aa2c21b42ce40b1822b2d6c9cddd') in 0.010657 seconds
Number of updated asset objects reloaded before import = 0
Number of asset objects unloaded after import = 1
========================================================================
Received Import Request.
  Time since last request: 0.000025 seconds.
  path: Assets/TextMesh Pro/Shaders/TMP_SDF-Mobile SSD.shader
  artifactKey: Guid(c8d12adcee749c344b8117cf7c7eb912) Importer(2089858483,0ecaa5967403d082aa24f35e1b516d23)
Start importing Assets/TextMesh Pro/Shaders/TMP_SDF-Mobile SSD.shader using Guid(c8d12adcee749c344b8117cf7c7eb912) Importer(2089858483,0ecaa5967403d082aa24f35e1b516d23)  -> (artifact id: 'b7fba14b9af4a2f46cf7e7ebc96f02cc') in 0.016682 seconds
Number of updated asset objects reloaded before import = 0
Number of asset objects unloaded after import = 1
========================================================================
Received Import Request.
  Time since last request: 0.000022 seconds.
  path: Assets/Textures/UI/Target.png
  artifactKey: Guid(aa1de64b2376ebe41bab1298287a5b93) Importer(2089858483,0ecaa5967403d082aa24f35e1b516d23)
Start importing Assets/Textures/UI/Target.png using Guid(aa1de64b2376ebe41bab1298287a5b93) Importer(2089858483,0ecaa5967403d082aa24f35e1b516d23)  -> (artifact id: '134bf8f178880b48cf1a8edcfe51624c') in 0.031036 seconds
Number of updated asset objects reloaded before import = 0
Number of asset objects unloaded after import = 1
========================================================================
Received Import Request.
  Time since last request: 0.000021 seconds.
  path: Assets/Resources/Blocks/Grass.asset
  artifactKey: Guid(e1fba645f90864d209f917d8b0b03c06) Importer(2089858483,0ecaa5967403d082aa24f35e1b516d23)
Start importing Assets/Resources/Blocks/Grass.asset using Guid(e1fba645f90864d209f917d8b0b03c06) Importer(2089858483,0ecaa5967403d082aa24f35e1b516d23)  -> (artifact id: '870eac747576976543cdb520191ced2d') in 0.010255 seconds
Number of updated asset objects reloaded before import = 0
Number of asset objects unloaded after import = 1
========================================================================
Received Import Request.
  Time since last request: 0.000019 seconds.
  path: Assets/Resources/Blocks/Bedrock.asset
  artifactKey: Guid(9e97551479420924a9f24d4a81421705) Importer(2089858483,0ecaa5967403d082aa24f35e1b516d23)
Start importing Assets/Resources/Blocks/Bedrock.asset using Guid(9e97551479420924a9f24d4a81421705) Importer(2089858483,0ecaa5967403d082aa24f35e1b516d23)  -> (artifact id: 'e8c458d7febf44466201823b7438f9dc') in 0.011244 seconds
Number of updated asset objects reloaded before import = 0
Number of asset objects unloaded after import = 1
========================================================================
Received Import Request.
  Time since last request: 0.000025 seconds.
  path: Assets/TextMesh Pro/Resources/Style Sheets/Default Style Sheet.asset
  artifactKey: Guid(f952c082cb03451daed3ee968ac6c63e) Importer(2089858483,0ecaa5967403d082aa24f35e1b516d23)
Start importing Assets/TextMesh Pro/Resources/Style Sheets/Default Style Sheet.asset using Guid(f952c082cb03451daed3ee968ac6c63e) Importer(2089858483,0ecaa5967403d082aa24f35e1b516d23)  -> (artifact id: '3b167e24ba3f51bce300b9b622ea3003') in 0.011880 seconds
Number of updated asset objects reloaded before import = 0
Number of asset objects unloaded after import = 1
========================================================================
Received Import Request.
  Time since last request: 0.000023 seconds.
  path: Assets/TextMesh Pro/Resources/Fonts & Materials/LiberationSans SDF.asset
  artifactKey: Guid(8f586378b4e144a9851e7b34d9b748ee) Importer(2089858483,0ecaa5967403d082aa24f35e1b516d23)
Start importing Assets/TextMesh Pro/Resources/Fonts & Materials/LiberationSans SDF.asset using Guid(8f586378b4e144a9851e7b34d9b748ee) Importer(2089858483,0ecaa5967403d082aa24f35e1b516d23)  -> (artifact id: '0f4b5ecfcf66c655d14eb998415724fa') in 0.049106 seconds
Number of updated asset objects reloaded before import = 0
Number of asset objects unloaded after import = 8
========================================================================
Received Import Request.
  Time since last request: 0.000028 seconds.
  path: Assets/_Scripts/World Generation/Biome System/Noise/NoiseSettings.cs
  artifactKey: Guid(93106a3c94efa4e4685cdd4c27f9b473) Importer(2089858483,0ecaa5967403d082aa24f35e1b516d23)
Start importing Assets/_Scripts/World Generation/Biome System/Noise/NoiseSettings.cs using Guid(93106a3c94efa4e4685cdd4c27f9b473) Importer(2089858483,0ecaa5967403d082aa24f35e1b516d23)  -> (artifact id: '00ade6d0afe24172518453026c72c8f1') in 0.014975 seconds
Number of updated asset objects reloaded before import = 0
Number of asset objects unloaded after import = 1
========================================================================
Received Import Request.
  Time since last request: 0.000019 seconds.
  path: Assets/Resources/Textures/Grass_Block.png
  artifactKey: Guid(4b61291be27bd46a98f9a68db2402749) Importer(2089858483,0ecaa5967403d082aa24f35e1b516d23)
Start importing Assets/Resources/Textures/Grass_Block.png using Guid(4b61291be27bd46a98f9a68db2402749) Importer(2089858483,0ecaa5967403d082aa24f35e1b516d23)  -> (artifact id: 'e101c5bf8de66c90a1ed381b50766e75') in 0.017063 seconds
Number of updated asset objects reloaded before import = 0
Number of asset objects unloaded after import = 1
========================================================================
Received Import Request.
  Time since last request: 0.000017 seconds.
  path: Assets/TextMesh Pro/Shaders/TMP_SDF-Surface.shader
  artifactKey: Guid(f7ada0af4f174f0694ca6a487b8f543d) Importer(2089858483,0ecaa5967403d082aa24f35e1b516d23)
Start importing Assets/TextMesh Pro/Shaders/TMP_SDF-Surface.shader using Guid(f7ada0af4f174f0694ca6a487b8f543d) Importer(2089858483,0ecaa5967403d082aa24f35e1b516d23)  -> (artifact id: '062eac70dd507bb01c6815bfdc8d4b82') in 0.010527 seconds
Number of updated asset objects reloaded before import = 0
Number of asset objects unloaded after import = 1
========================================================================
Received Import Request.
  Time since last request: 0.000020 seconds.
  path: Assets/TextMesh Pro/Shaders/TMPro_Properties.cginc
  artifactKey: Guid(3997e2241185407d80309a82f9148466) Importer(2089858483,0ecaa5967403d082aa24f35e1b516d23)
Start importing Assets/TextMesh Pro/Shaders/TMPro_Properties.cginc using Guid(3997e2241185407d80309a82f9148466) Importer(2089858483,0ecaa5967403d082aa24f35e1b516d23)  -> (artifact id: 'f4c0d6a6ea5df0a0a246a10c4fb00829') in 0.008663 seconds
Number of updated asset objects reloaded before import = 0
Number of asset objects unloaded after import = 1
========================================================================
Received Import Request.
  Time since last request: 0.000019 seconds.
  path: Assets/TextMesh Pro/Fonts/LiberationSans - OFL.txt
  artifactKey: Guid(6e59c59b81ab47f9b6ec5781fa725d2c) Importer(2089858483,0ecaa5967403d082aa24f35e1b516d23)
Start importing Assets/TextMesh Pro/Fonts/LiberationSans - OFL.txt using Guid(6e59c59b81ab47f9b6ec5781fa725d2c) Importer(2089858483,0ecaa5967403d082aa24f35e1b516d23)  -> (artifact id: '460df0b587187e96ac42d3b1e0244b6c') in 0.009684 seconds
Number of updated asset objects reloaded before import = 0
Number of asset objects unloaded after import = 1
========================================================================
Received Import Request.
  Time since last request: 0.000023 seconds.
  path: Assets/UniversalRenderPipelineGlobalSettings.asset
  artifactKey: Guid(d08addf4d11a27e45b5d0418768484e5) Importer(2089858483,0ecaa5967403d082aa24f35e1b516d23)
Start importing Assets/UniversalRenderPipelineGlobalSettings.asset using Guid(d08addf4d11a27e45b5d0418768484e5) Importer(2089858483,0ecaa5967403d082aa24f35e1b516d23)  -> (artifact id: '50c4017a43a0774746e9ed3fd9ba9d72') in 0.014699 seconds
Number of updated asset objects reloaded before import = 0
Number of asset objects unloaded after import = 1
========================================================================
Received Import Request.
  Time since last request: 0.000026 seconds.
  path: Assets/TextMesh Pro/Shaders/TMP_SDF-Surface-Mobile.shader
  artifactKey: Guid(85187c2149c549c5b33f0cdb02836b17) Importer(2089858483,0ecaa5967403d082aa24f35e1b516d23)
Start importing Assets/TextMesh Pro/Shaders/TMP_SDF-Surface-Mobile.shader using Guid(85187c2149c549c5b33f0cdb02836b17) Importer(2089858483,0ecaa5967403d082aa24f35e1b516d23)  -> (artifact id: 'eeaafefef5208b61d287162269b7f9c6') in 0.011296 seconds
Number of updated asset objects reloaded before import = 0
Number of asset objects unloaded after import = 1
